# JRE version: OpenJDK Runtime Environment (17.0.7) (build 17.0.7+0-b2043.56-10550314)
# Java VM: OpenJDK 64-Bit Server VM (17.0.7+0-b2043.56-10550314, mixed mode, tiered, compressed oops, compressed class ptrs, g1 gc, windows-amd64)
GC Precious Log:
 CPUs: 12 total, 12 available
 Memory: 15713M
 Large Page Support: Disabled
 NUMA Support: Disabled
 Compressed Oops: Enabled (32-bit)
 Heap Region Size: 1M
 Heap Min Capacity: 8M
 Heap Initial Capacity: 246M
 Heap Max Capacity: 2G
 Pre-touch: Disabled
 Parallel Workers: 10
 Concurrent Workers: 3
 Concurrent Refinement Workers: 10
 Periodic GC: Disabled
Heap:
 garbage-first heap   total 312320K, used 156671K [0x0000000080000000, 0x0000000100000000)
  region size 1024K, 3 young (3072K), 3 survivors (3072K)
 Metaspace       used 137289K, committed 138368K, reserved 1179648K
  class space    used 18948K, committed 19456K, reserved 1048576K
GC Heap History (20 events):
Event: 642.675 GC heap after
{Heap after GC invocations=59 (full 0):
 garbage-first heap   total 260096K, used 167583K [0x0000000080000000, 0x0000000100000000)
  region size 1024K, 4 young (4096K), 4 survivors (4096K)
 Metaspace       used 135538K, committed 136576K, reserved 1179648K
  class space    used 18886K, committed 19392K, reserved 1048576K
}
Event: 642.676 GC heap before
{Heap before GC invocations=59 (full 0):
 garbage-first heap   total 260096K, used 171679K [0x0000000080000000, 0x0000000100000000)
  region size 1024K, 5 young (5120K), 4 survivors (4096K)
 Metaspace       used 135538K, committed 136576K, reserved 1179648K
  class space    used 18886K, committed 19392K, reserved 1048576K
}
Event: 642.677 GC heap after
{Heap after GC invocations=60 (full 0):
 garbage-first heap   total 260096K, used 171498K [0x0000000080000000, 0x0000000100000000)
  region size 1024K, 4 young (4096K), 4 survivors (4096K)
 Metaspace       used 135538K, committed 136576K, reserved 1179648K
  class space    used 18886K, committed 19392K, reserved 1048576K
}
Event: 680.761 GC heap before
{Heap before GC invocations=61 (full 0):
 garbage-first heap   total 302080K, used 230890K [0x0000000080000000, 0x0000000100000000)
  region size 1024K, 55 young (56320K), 4 survivors (4096K)
 Metaspace       used 135656K, committed 136640K, reserved 1179648K
  class space    used 18874K, committed 19392K, reserved 1048576K
}
Event: 680.765 GC heap after
{Heap after GC invocations=62 (full 0):
 garbage-first heap   total 302080K, used 156931K [0x0000000080000000, 0x0000000100000000)
  region size 1024K, 7 young (7168K), 7 survivors (7168K)
 Metaspace       used 135656K, committed 136640K, reserved 1179648K
  class space    used 18874K, committed 19392K, reserved 1048576K
}
Event: 680.816 GC heap before
{Heap before GC invocations=62 (full 0):
 garbage-first heap   total 302080K, used 164099K [0x0000000080000000, 0x0000000100000000)
  region size 1024K, 14 young (14336K), 7 survivors (7168K)
 Metaspace       used 135688K, committed 136640K, reserved 1179648K
  class space    used 18874K, committed 19392K, reserved 1048576K
}
Event: 680.822 GC heap after
{Heap after GC invocations=63 (full 0):
 garbage-first heap   total 302080K, used 151231K [0x0000000080000000, 0x0000000100000000)
  region size 1024K, 2 young (2048K), 2 survivors (2048K)
 Metaspace       used 135688K, committed 136640K, reserved 1179648K
  class space    used 18874K, committed 19392K, reserved 1048576K
}
Event: 682.857 GC heap before
{Heap before GC invocations=63 (full 0):
 garbage-first heap   total 302080K, used 249535K [0x0000000080000000, 0x0000000100000000)
  region size 1024K, 100 young (102400K), 2 survivors (2048K)
 Metaspace       used 136082K, committed 137088K, reserved 1179648K
  class space    used 18895K, committed 19392K, reserved 1048576K
}
Event: 682.861 GC heap after
{Heap after GC invocations=64 (full 0):
 garbage-first heap   total 302080K, used 157037K [0x0000000080000000, 0x0000000100000000)
  region size 1024K, 8 young (8192K), 8 survivors (8192K)
 Metaspace       used 136082K, committed 137088K, reserved 1179648K
  class space    used 18895K, committed 19392K, reserved 1048576K
}
Event: 722.285 GC heap before
{Heap before GC invocations=65 (full 0):
 garbage-first heap   total 312320K, used 277869K [0x0000000080000000, 0x0000000100000000)
  region size 1024K, 101 young (103424K), 8 survivors (8192K)
 Metaspace       used 136443K, committed 137536K, reserved 1179648K
  class space    used 18925K, committed 19456K, reserved 1048576K
}
Event: 722.292 GC heap after
{Heap after GC invocations=66 (full 0):
 garbage-first heap   total 312320K, used 165178K [0x0000000080000000, 0x0000000100000000)
  region size 1024K, 13 young (13312K), 13 survivors (13312K)
 Metaspace       used 136443K, committed 137536K, reserved 1179648K
  class space    used 18925K, committed 19456K, reserved 1048576K
}
Event: 722.307 GC heap before
{Heap before GC invocations=66 (full 0):
 garbage-first heap   total 312320K, used 167226K [0x0000000080000000, 0x0000000100000000)
  region size 1024K, 15 young (15360K), 13 survivors (13312K)
 Metaspace       used 136446K, committed 137536K, reserved 1179648K
  class space    used 18925K, committed 19456K, reserved 1048576K
}
Event: 722.314 GC heap after
{Heap after GC invocations=67 (full 0):
 garbage-first heap   total 312320K, used 157141K [0x0000000080000000, 0x0000000100000000)
  region size 1024K, 2 young (2048K), 2 survivors (2048K)
 Metaspace       used 136446K, committed 137536K, reserved 1179648K
  class space    used 18925K, committed 19456K, reserved 1048576K
}
Event: 723.932 GC heap before
{Heap before GC invocations=67 (full 0):
 garbage-first heap   total 312320K, used 206293K [0x0000000080000000, 0x0000000100000000)
  region size 1024K, 52 young (53248K), 2 survivors (2048K)
 Metaspace       used 136790K, committed 137920K, reserved 1179648K
  class space    used 18945K, committed 19456K, reserved 1048576K
}
Event: 723.934 GC heap after
{Heap after GC invocations=68 (full 0):
 garbage-first heap   total 312320K, used 157843K [0x0000000080000000, 0x0000000100000000)
  region size 1024K, 3 young (3072K), 3 survivors (3072K)
 Metaspace       used 136790K, committed 137920K, reserved 1179648K
  class space    used 18945K, committed 19456K, reserved 1048576K
}
Event: 853.612 GC heap before
{Heap before GC invocations=69 (full 0):
 garbage-first heap   total 312320K, used 283795K [0x0000000080000000, 0x0000000100000000)
  region size 1024K, 102 young (104448K), 3 survivors (3072K)
 Metaspace       used 137027K, committed 138112K, reserved 1179648K
  class space    used 18947K, committed 19456K, reserved 1048576K
}
Event: 853.619 GC heap after
{Heap after GC invocations=70 (full 0):
 garbage-first heap   total 312320K, used 166794K [0x0000000080000000, 0x0000000100000000)
  region size 1024K, 12 young (12288K), 12 survivors (12288K)
 Metaspace       used 137027K, committed 138112K, reserved 1179648K
  class space    used 18947K, committed 19456K, reserved 1048576K
}
Event: 853.646 GC heap before
{Heap before GC invocations=70 (full 0):
 garbage-first heap   total 312320K, used 168842K [0x0000000080000000, 0x0000000100000000)
  region size 1024K, 15 young (15360K), 12 survivors (12288K)
 Metaspace       used 137027K, committed 138112K, reserved 1179648K
  class space    used 18947K, committed 19456K, reserved 1048576K
}
Event: 853.653 GC heap after
{Heap after GC invocations=71 (full 0):
 garbage-first heap   total 312320K, used 155692K [0x0000000080000000, 0x0000000100000000)
  region size 1024K, 2 young (2048K), 2 survivors (2048K)
 Metaspace       used 137027K, committed 138112K, reserved 1179648K
  class space    used 18947K, committed 19456K, reserved 1048576K
}
Event: 855.175 GC heap before
{Heap before GC invocations=71 (full 0):
 garbage-first heap   total 312320K, used 208940K [0x0000000080000000, 0x0000000100000000)
  region size 1024K, 56 young (57344K), 2 survivors (2048K)
 Metaspace       used 137289K, committed 138368K, reserved 1179648K
  class space    used 18948K, committed 19456K, reserved 1048576K
}

