# JRE version: OpenJDK Runtime Environment (17.0.7) (build 17.0.7+0-b2043.56-10550314)
# Java VM: OpenJDK 64-Bit Server VM (17.0.7+0-b2043.56-10550314, mixed mode, tiered, compressed oops, compressed class ptrs, g1 gc, windows-amd64)
GC Precious Log:
 CPUs: 12 total, 12 available
 Memory: 15713M
 Large Page Support: Disabled
 NUMA Support: Disabled
 Compressed Oops: Enabled (32-bit)
 Heap Region Size: 1M
 Heap Min Capacity: 8M
 Heap Initial Capacity: 246M
 Heap Max Capacity: 2G
 Pre-touch: Disabled
 Parallel Workers: 10
 Concurrent Workers: 3
 Concurrent Refinement Workers: 10
 Periodic GC: Disabled
Heap:
 garbage-first heap   total 324608K, used 154731K [0x0000000080000000, 0x0000000100000000)
  region size 1024K, 1 young (1024K), 1 survivors (1024K)
 Metaspace       used 138899K, committed 140480K, reserved 1179648K
  class space    used 18564K, committed 19264K, reserved 1048576K
GC Heap History (20 events):
Event: 923.503 GC heap after
{Heap after GC invocations=91 (full 0):
 garbage-first heap   total 324608K, used 157025K [0x0000000080000000, 0x0000000100000000)
  region size 1024K, 2 young (2048K), 2 survivors (2048K)
 Metaspace       used 136302K, committed 137728K, reserved 1179648K
  class space    used 18277K, committed 18944K, reserved 1048576K
}
Event: 924.850 GC heap before
{Heap before GC invocations=91 (full 0):
 garbage-first heap   total 324608K, used 207201K [0x0000000080000000, 0x0000000100000000)
  region size 1024K, 53 young (54272K), 2 survivors (2048K)
 Metaspace       used 136435K, committed 137856K, reserved 1179648K
  class space    used 18279K, committed 18944K, reserved 1048576K
}
Event: 924.852 GC heap after
{Heap after GC invocations=92 (full 0):
 garbage-first heap   total 324608K, used 157502K [0x0000000080000000, 0x0000000100000000)
  region size 1024K, 2 young (2048K), 2 survivors (2048K)
 Metaspace       used 136435K, committed 137856K, reserved 1179648K
  class space    used 18279K, committed 18944K, reserved 1048576K
}
Event: 979.077 GC heap before
{Heap before GC invocations=93 (full 0):
 garbage-first heap   total 324608K, used 293694K [0x0000000080000000, 0x0000000100000000)
  region size 1024K, 113 young (115712K), 2 survivors (2048K)
 Metaspace       used 136602K, committed 138048K, reserved 1179648K
  class space    used 18279K, committed 18944K, reserved 1048576K
}
Event: 979.079 GC heap after
{Heap after GC invocations=94 (full 0):
 garbage-first heap   total 324608K, used 157137K [0x0000000080000000, 0x0000000100000000)
  region size 1024K, 2 young (2048K), 2 survivors (2048K)
 Metaspace       used 136602K, committed 138048K, reserved 1179648K
  class space    used 18279K, committed 18944K, reserved 1048576K
}
Event: 979.153 GC heap before
{Heap before GC invocations=94 (full 0):
 garbage-first heap   total 324608K, used 170449K [0x0000000080000000, 0x0000000100000000)
  region size 1024K, 15 young (15360K), 2 survivors (2048K)
 Metaspace       used 136616K, committed 138112K, reserved 1179648K
  class space    used 18279K, committed 18944K, reserved 1048576K
}
Event: 979.158 GC heap after
{Heap after GC invocations=95 (full 0):
 garbage-first heap   total 324608K, used 146437K [0x0000000080000000, 0x0000000100000000)
  region size 1024K, 2 young (2048K), 2 survivors (2048K)
 Metaspace       used 136616K, committed 138112K, reserved 1179648K
  class space    used 18279K, committed 18944K, reserved 1048576K
}
Event: 988.084 GC heap before
{Heap before GC invocations=95 (full 0):
 garbage-first heap   total 324608K, used 270341K [0x0000000080000000, 0x0000000100000000)
  region size 1024K, 124 young (126976K), 2 survivors (2048K)
 Metaspace       used 137140K, committed 138560K, reserved 1179648K
  class space    used 18335K, committed 19008K, reserved 1048576K
}
Event: 988.091 GC heap after
{Heap after GC invocations=96 (full 0):
 garbage-first heap   total 324608K, used 156817K [0x0000000080000000, 0x0000000100000000)
  region size 1024K, 12 young (12288K), 12 survivors (12288K)
 Metaspace       used 137140K, committed 138560K, reserved 1179648K
  class space    used 18335K, committed 19008K, reserved 1048576K
}
Event: 2773.481 GC heap before
{Heap before GC invocations=97 (full 0):
 garbage-first heap   total 324608K, used 301200K [0x0000000080000000, 0x0000000100000000)
  region size 1024K, 109 young (111616K), 12 survivors (12288K)
 Metaspace       used 138924K, committed 140416K, reserved 1179648K
  class space    used 18588K, committed 19264K, reserved 1048576K
}
Event: 2773.503 GC heap after
{Heap after GC invocations=98 (full 0):
 garbage-first heap   total 324608K, used 185878K [0x0000000080000000, 0x0000000100000000)
  region size 1024K, 8 young (8192K), 8 survivors (8192K)
 Metaspace       used 138924K, committed 140416K, reserved 1179648K
  class space    used 18588K, committed 19264K, reserved 1048576K
}
Event: 2773.543 GC heap before
{Heap before GC invocations=98 (full 0):
 garbage-first heap   total 324608K, used 193046K [0x0000000080000000, 0x0000000100000000)
  region size 1024K, 15 young (15360K), 8 survivors (8192K)
 Metaspace       used 138938K, committed 140416K, reserved 1179648K
  class space    used 18588K, committed 19264K, reserved 1048576K
}
Event: 2773.553 GC heap after
{Heap after GC invocations=99 (full 0):
 garbage-first heap   total 324608K, used 183732K [0x0000000080000000, 0x0000000100000000)
  region size 1024K, 1 young (1024K), 1 survivors (1024K)
 Metaspace       used 138938K, committed 140416K, reserved 1179648K
  class space    used 18588K, committed 19264K, reserved 1048576K
}
Event: 2773.584 GC heap before
{Heap before GC invocations=99 (full 0):
 garbage-first heap   total 324608K, used 192948K [0x0000000080000000, 0x0000000100000000)
  region size 1024K, 11 young (11264K), 1 survivors (1024K)
 Metaspace       used 138958K, committed 140480K, reserved 1179648K
  class space    used 18588K, committed 19264K, reserved 1048576K
}
Event: 2773.587 GC heap after
{Heap after GC invocations=100 (full 0):
 garbage-first heap   total 324608K, used 183136K [0x0000000080000000, 0x0000000100000000)
  region size 1024K, 1 young (1024K), 1 survivors (1024K)
 Metaspace       used 138958K, committed 140480K, reserved 1179648K
  class space    used 18588K, committed 19264K, reserved 1048576K
}
Event: 2774.054 GC heap before
{Heap before GC invocations=101 (full 0):
 garbage-first heap   total 324608K, used 268128K [0x0000000080000000, 0x0000000100000000)
  region size 1024K, 91 young (93184K), 1 survivors (1024K)
 Metaspace       used 138899K, committed 140480K, reserved 1179648K
  class space    used 18564K, committed 19264K, reserved 1048576K
}
Event: 2774.056 GC heap after
{Heap after GC invocations=102 (full 0):
 garbage-first heap   total 324608K, used 175542K [0x0000000080000000, 0x0000000100000000)
  region size 1024K, 1 young (1024K), 1 survivors (1024K)
 Metaspace       used 138899K, committed 140480K, reserved 1179648K
  class space    used 18564K, committed 19264K, reserved 1048576K
}
Event: 2774.119 GC heap before
{Heap before GC invocations=102 (full 0):
 garbage-first heap   total 324608K, used 189878K [0x0000000080000000, 0x0000000100000000)
  region size 1024K, 15 young (15360K), 1 survivors (1024K)
 Metaspace       used 138899K, committed 140480K, reserved 1179648K
  class space    used 18564K, committed 19264K, reserved 1048576K
}
Event: 2774.131 GC heap after
{Heap after GC invocations=103 (full 0):
 garbage-first heap   total 324608K, used 154756K [0x0000000080000000, 0x0000000100000000)
  region size 1024K, 1 young (1024K), 1 survivors (1024K)
 Metaspace       used 138899K, committed 140480K, reserved 1179648K
  class space    used 18564K, committed 19264K, reserved 1048576K
}
Event: 2774.193 GC heap before
{Heap before GC invocations=103 (full 0):
 garbage-first heap   total 324608K, used 169092K [0x0000000080000000, 0x0000000100000000)
  region size 1024K, 15 young (15360K), 1 survivors (1024K)
 Metaspace       used 138899K, committed 140480K, reserved 1179648K
  class space    used 18564K, committed 19264K, reserved 1048576K
}

