# JRE version: OpenJDK Runtime Environment (17.0.7) (build 17.0.7+0-b2043.56-10550314)
# Java VM: OpenJDK 64-Bit Server VM (17.0.7+0-b2043.56-10550314, mixed mode, tiered, compressed oops, compressed class ptrs, g1 gc, windows-amd64)
GC Precious Log:
 CPUs: 12 total, 12 available
 Memory: 15713M
 Large Page Support: Disabled
 NUMA Support: Disabled
 Compressed Oops: Enabled (32-bit)
 Heap Region Size: 1M
 Heap Min Capacity: 8M
 Heap Initial Capacity: 246M
 Heap Max Capacity: 2G
 Pre-touch: Disabled
 Parallel Workers: 10
 Concurrent Workers: 3
 Concurrent Refinement Workers: 10
 Periodic GC: Disabled
Heap:
 garbage-first heap   total 285696K, used 211205K [0x0000000080000000, 0x0000000100000000)
  region size 1024K, 6 young (6144K), 6 survivors (6144K)
 Metaspace       used 110455K, committed 111232K, reserved 1179648K
  class space    used 15129K, committed 15488K, reserved 1048576K
GC Heap History (20 events):
Event: 9.964 GC heap after
{Heap after GC invocations=35 (full 0):
 garbage-first heap   total 181248K, used 106772K [0x0000000080000000, 0x0000000100000000)
  region size 1024K, 7 young (7168K), 7 survivors (7168K)
 Metaspace       used 101158K, committed 101824K, reserved 1179648K
  class space    used 13835K, committed 14144K, reserved 1048576K
}
Event: 9.979 GC heap before
{Heap before GC invocations=35 (full 0):
 garbage-first heap   total 181248K, used 107796K [0x0000000080000000, 0x0000000100000000)
  region size 1024K, 8 young (8192K), 7 survivors (7168K)
 Metaspace       used 101175K, committed 101888K, reserved 1179648K
  class space    used 13835K, committed 14144K, reserved 1048576K
}
Event: 9.982 GC heap after
{Heap after GC invocations=36 (full 0):
 garbage-first heap   total 218112K, used 107499K [0x0000000080000000, 0x0000000100000000)
  region size 1024K, 1 young (1024K), 1 survivors (1024K)
 Metaspace       used 101175K, committed 101888K, reserved 1179648K
  class space    used 13835K, committed 14144K, reserved 1048576K
}
Event: 10.281 GC heap before
{Heap before GC invocations=36 (full 0):
 garbage-first heap   total 218112K, used 174059K [0x0000000080000000, 0x0000000100000000)
  region size 1024K, 66 young (67584K), 1 survivors (1024K)
 Metaspace       used 101944K, committed 102656K, reserved 1179648K
  class space    used 13985K, committed 14336K, reserved 1048576K
}
Event: 10.285 GC heap after
{Heap after GC invocations=37 (full 0):
 garbage-first heap   total 218112K, used 113345K [0x0000000080000000, 0x0000000100000000)
  region size 1024K, 7 young (7168K), 7 survivors (7168K)
 Metaspace       used 101944K, committed 102656K, reserved 1179648K
  class space    used 13985K, committed 14336K, reserved 1048576K
}
Event: 10.633 GC heap before
{Heap before GC invocations=37 (full 0):
 garbage-first heap   total 218112K, used 174785K [0x0000000080000000, 0x0000000100000000)
  region size 1024K, 68 young (69632K), 7 survivors (7168K)
 Metaspace       used 102564K, committed 103232K, reserved 1179648K
  class space    used 14036K, committed 14336K, reserved 1048576K
}
Event: 10.638 GC heap after
{Heap after GC invocations=38 (full 0):
 garbage-first heap   total 218112K, used 118483K [0x0000000080000000, 0x0000000100000000)
  region size 1024K, 7 young (7168K), 7 survivors (7168K)
 Metaspace       used 102564K, committed 103232K, reserved 1179648K
  class space    used 14036K, committed 14336K, reserved 1048576K
}
Event: 10.878 GC heap before
{Heap before GC invocations=38 (full 0):
 garbage-first heap   total 218112K, used 174803K [0x0000000080000000, 0x0000000100000000)
  region size 1024K, 63 young (64512K), 7 survivors (7168K)
 Metaspace       used 102971K, committed 103680K, reserved 1179648K
  class space    used 14074K, committed 14400K, reserved 1048576K
}
Event: 10.882 GC heap after
{Heap after GC invocations=39 (full 0):
 garbage-first heap   total 218112K, used 123247K [0x0000000080000000, 0x0000000100000000)
  region size 1024K, 7 young (7168K), 7 survivors (7168K)
 Metaspace       used 102971K, committed 103680K, reserved 1179648K
  class space    used 14074K, committed 14400K, reserved 1048576K
}
Event: 11.293 GC heap before
{Heap before GC invocations=39 (full 0):
 garbage-first heap   total 218112K, used 176495K [0x0000000080000000, 0x0000000100000000)
  region size 1024K, 60 young (61440K), 7 survivors (7168K)
 Metaspace       used 105708K, committed 106496K, reserved 1179648K
  class space    used 14431K, committed 14784K, reserved 1048576K
}
Event: 11.298 GC heap after
{Heap after GC invocations=40 (full 0):
 garbage-first heap   total 218112K, used 127327K [0x0000000080000000, 0x0000000100000000)
  region size 1024K, 6 young (6144K), 6 survivors (6144K)
 Metaspace       used 105708K, committed 106496K, reserved 1179648K
  class space    used 14431K, committed 14784K, reserved 1048576K
}
Event: 11.436 GC heap before
{Heap before GC invocations=40 (full 0):
 garbage-first heap   total 218112K, used 178527K [0x0000000080000000, 0x0000000100000000)
  region size 1024K, 57 young (58368K), 6 survivors (6144K)
 Metaspace       used 106434K, committed 107200K, reserved 1179648K
  class space    used 14545K, committed 14912K, reserved 1048576K
}
Event: 11.440 GC heap after
{Heap after GC invocations=41 (full 0):
 garbage-first heap   total 218112K, used 131266K [0x0000000080000000, 0x0000000100000000)
  region size 1024K, 5 young (5120K), 5 survivors (5120K)
 Metaspace       used 106434K, committed 107200K, reserved 1179648K
  class space    used 14545K, committed 14912K, reserved 1048576K
}
Event: 11.675 GC heap before
{Heap before GC invocations=41 (full 0):
 garbage-first heap   total 218112K, used 197826K [0x0000000080000000, 0x0000000100000000)
  region size 1024K, 52 young (53248K), 5 survivors (5120K)
 Metaspace       used 106930K, committed 107648K, reserved 1179648K
  class space    used 14616K, committed 14976K, reserved 1048576K
}
Event: 11.679 GC heap after
{Heap after GC invocations=42 (full 0):
 garbage-first heap   total 218112K, used 160035K [0x0000000080000000, 0x0000000100000000)
  region size 1024K, 7 young (7168K), 7 survivors (7168K)
 Metaspace       used 106930K, committed 107648K, reserved 1179648K
  class space    used 14616K, committed 14976K, reserved 1048576K
}
Event: 11.967 GC heap before
{Heap before GC invocations=43 (full 0):
 garbage-first heap   total 285696K, used 185635K [0x0000000080000000, 0x0000000100000000)
  region size 1024K, 28 young (28672K), 7 survivors (7168K)
 Metaspace       used 109684K, committed 110464K, reserved 1179648K
  class space    used 15014K, committed 15424K, reserved 1048576K
}
Event: 11.970 GC heap after
{Heap after GC invocations=44 (full 0):
 garbage-first heap   total 285696K, used 167490K [0x0000000080000000, 0x0000000100000000)
  region size 1024K, 2 young (2048K), 2 survivors (2048K)
 Metaspace       used 109684K, committed 110464K, reserved 1179648K
  class space    used 15014K, committed 15424K, reserved 1048576K
}
Event: 12.002 GC heap before
{Heap before GC invocations=44 (full 0):
 garbage-first heap   total 285696K, used 210498K [0x0000000080000000, 0x0000000100000000)
  region size 1024K, 13 young (13312K), 2 survivors (2048K)
 Metaspace       used 110144K, committed 110912K, reserved 1179648K
  class space    used 15085K, committed 15488K, reserved 1048576K
}
Event: 12.005 GC heap after
{Heap after GC invocations=45 (full 0):
 garbage-first heap   total 285696K, used 180881K [0x0000000080000000, 0x0000000100000000)
  region size 1024K, 2 young (2048K), 2 survivors (2048K)
 Metaspace       used 110144K, committed 110912K, reserved 1179648K
  class space    used 15085K, committed 15488K, reserved 1048576K
}
Event: 12.152 GC heap before
{Heap before GC invocations=45 (full 0):
 garbage-first heap   total 285696K, used 258705K [0x0000000080000000, 0x0000000100000000)
  region size 1024K, 43 young (44032K), 2 survivors (2048K)
 Metaspace       used 110455K, committed 111232K, reserved 1179648K
  class space    used 15129K, committed 15488K, reserved 1048576K
}

