# JRE version: OpenJDK Runtime Environment (17.0.7) (build 17.0.7+0-b2043.56-10550314)
# Java VM: OpenJDK 64-Bit Server VM (17.0.7+0-b2043.56-10550314, mixed mode, tiered, compressed oops, compressed class ptrs, g1 gc, windows-amd64)
GC Precious Log:
 CPUs: 12 total, 12 available
 Memory: 15713M
 Large Page Support: Disabled
 NUMA Support: Disabled
 Compressed Oops: Enabled (32-bit)
 Heap Region Size: 1M
 Heap Min Capacity: 8M
 Heap Initial Capacity: 246M
 Heap Max Capacity: 2G
 Pre-touch: Disabled
 Parallel Workers: 10
 Concurrent Workers: 3
 Concurrent Refinement Workers: 10
 Periodic GC: Disabled
Heap:
 garbage-first heap   total 373760K, used 211261K [0x0000000080000000, 0x0000000100000000)
  region size 1024K, 3 young (3072K), 3 survivors (3072K)
 Metaspace       used 110949K, committed 111744K, reserved 1179648K
  class space    used 15213K, committed 15616K, reserved 1048576K
GC Heap History (20 events):
Event: 9.339 GC heap after
{Heap after GC invocations=48 (full 0):
 garbage-first heap   total 159744K, used 94995K [0x0000000080000000, 0x0000000100000000)
  region size 1024K, 6 young (6144K), 6 survivors (6144K)
 Metaspace       used 98005K, committed 98688K, reserved 1179648K
  class space    used 13500K, committed 13824K, reserved 1048576K
}
Event: 9.347 GC heap before
{Heap before GC invocations=48 (full 0):
 garbage-first heap   total 159744K, used 96019K [0x0000000080000000, 0x0000000100000000)
  region size 1024K, 7 young (7168K), 6 survivors (6144K)
 Metaspace       used 98006K, committed 98688K, reserved 1179648K
  class space    used 13500K, committed 13824K, reserved 1048576K
}
Event: 9.351 GC heap after
{Heap after GC invocations=49 (full 0):
 garbage-first heap   total 243712K, used 95115K [0x0000000080000000, 0x0000000100000000)
  region size 1024K, 1 young (1024K), 1 survivors (1024K)
 Metaspace       used 98006K, committed 98688K, reserved 1179648K
  class space    used 13500K, committed 13824K, reserved 1048576K
}
Event: 10.058 GC heap before
{Heap before GC invocations=49 (full 0):
 garbage-first heap   total 243712K, used 198539K [0x0000000080000000, 0x0000000100000000)
  region size 1024K, 98 young (100352K), 1 survivors (1024K)
 Metaspace       used 101872K, committed 102592K, reserved 1179648K
  class space    used 14017K, committed 14336K, reserved 1048576K
}
Event: 10.065 GC heap after
{Heap after GC invocations=50 (full 0):
 garbage-first heap   total 243712K, used 109295K [0x0000000080000000, 0x0000000100000000)
  region size 1024K, 13 young (13312K), 13 survivors (13312K)
 Metaspace       used 101872K, committed 102592K, reserved 1179648K
  class space    used 14017K, committed 14336K, reserved 1048576K
}
Event: 10.357 GC heap before
{Heap before GC invocations=50 (full 0):
 garbage-first heap   total 243712K, used 181999K [0x0000000080000000, 0x0000000100000000)
  region size 1024K, 85 young (87040K), 13 survivors (13312K)
 Metaspace       used 102211K, committed 102912K, reserved 1179648K
  class space    used 14026K, committed 14336K, reserved 1048576K
}
Event: 10.363 GC heap after
{Heap after GC invocations=51 (full 0):
 garbage-first heap   total 243712K, used 115229K [0x0000000080000000, 0x0000000100000000)
  region size 1024K, 7 young (7168K), 7 survivors (7168K)
 Metaspace       used 102211K, committed 102912K, reserved 1179648K
  class space    used 14026K, committed 14336K, reserved 1048576K
}
Event: 10.661 GC heap before
{Heap before GC invocations=51 (full 0):
 garbage-first heap   total 243712K, used 188957K [0x0000000080000000, 0x0000000100000000)
  region size 1024K, 80 young (81920K), 7 survivors (7168K)
 Metaspace       used 102722K, committed 103488K, reserved 1179648K
  class space    used 14069K, committed 14464K, reserved 1048576K
}
Event: 10.665 GC heap after
{Heap after GC invocations=52 (full 0):
 garbage-first heap   total 243712K, used 119999K [0x0000000080000000, 0x0000000100000000)
  region size 1024K, 8 young (8192K), 8 survivors (8192K)
 Metaspace       used 102722K, committed 103488K, reserved 1179648K
  class space    used 14069K, committed 14464K, reserved 1048576K
}
Event: 11.283 GC heap before
{Heap before GC invocations=52 (full 0):
 garbage-first heap   total 243712K, used 192703K [0x0000000080000000, 0x0000000100000000)
  region size 1024K, 80 young (81920K), 8 survivors (8192K)
 Metaspace       used 105811K, committed 106624K, reserved 1179648K
  class space    used 14457K, committed 14848K, reserved 1048576K
}
Event: 11.290 GC heap after
{Heap after GC invocations=53 (full 0):
 garbage-first heap   total 243712K, used 126462K [0x0000000080000000, 0x0000000100000000)
  region size 1024K, 8 young (8192K), 8 survivors (8192K)
 Metaspace       used 105811K, committed 106624K, reserved 1179648K
  class space    used 14457K, committed 14848K, reserved 1048576K
}
Event: 11.468 GC heap before
{Heap before GC invocations=53 (full 0):
 garbage-first heap   total 243712K, used 195070K [0x0000000080000000, 0x0000000100000000)
  region size 1024K, 76 young (77824K), 8 survivors (8192K)
 Metaspace       used 106538K, committed 107328K, reserved 1179648K
  class space    used 14574K, committed 14976K, reserved 1048576K
}
Event: 11.473 GC heap after
{Heap after GC invocations=54 (full 0):
 garbage-first heap   total 243712K, used 130625K [0x0000000080000000, 0x0000000100000000)
  region size 1024K, 6 young (6144K), 6 survivors (6144K)
 Metaspace       used 106538K, committed 107328K, reserved 1179648K
  class space    used 14574K, committed 14976K, reserved 1048576K
}
Event: 11.950 GC heap before
{Heap before GC invocations=54 (full 0):
 garbage-first heap   total 243712K, used 211521K [0x0000000080000000, 0x0000000100000000)
  region size 1024K, 62 young (63488K), 6 survivors (6144K)
 Metaspace       used 110285K, committed 111040K, reserved 1179648K
  class space    used 15120K, committed 15488K, reserved 1048576K
}
Event: 11.954 GC heap after
{Heap after GC invocations=55 (full 0):
 garbage-first heap   total 243712K, used 166509K [0x0000000080000000, 0x0000000100000000)
  region size 1024K, 10 young (10240K), 10 survivors (10240K)
 Metaspace       used 110285K, committed 111040K, reserved 1179648K
  class space    used 15120K, committed 15488K, reserved 1048576K
}
Event: 11.969 GC heap before
{Heap before GC invocations=55 (full 0):
 garbage-first heap   total 243712K, used 228973K [0x0000000080000000, 0x0000000100000000)
  region size 1024K, 24 young (24576K), 10 survivors (10240K)
 Metaspace       used 110289K, committed 111040K, reserved 1179648K
  class space    used 15120K, committed 15488K, reserved 1048576K
}
Event: 11.972 GC heap after
{Heap after GC invocations=56 (full 0):
 garbage-first heap   total 247808K, used 190618K [0x0000000080000000, 0x0000000100000000)
  region size 1024K, 6 young (6144K), 6 survivors (6144K)
 Metaspace       used 110289K, committed 111040K, reserved 1179648K
  class space    used 15120K, committed 15488K, reserved 1048576K
}
Event: 12.121 GC heap before
{Heap before GC invocations=57 (full 0):
 garbage-first heap   total 373760K, used 229530K [0x0000000080000000, 0x0000000100000000)
  region size 1024K, 26 young (26624K), 6 survivors (6144K)
 Metaspace       used 110531K, committed 111296K, reserved 1179648K
  class space    used 15158K, committed 15552K, reserved 1048576K
}
Event: 12.124 GC heap after
{Heap after GC invocations=58 (full 0):
 garbage-first heap   total 373760K, used 206535K [0x0000000080000000, 0x0000000100000000)
  region size 1024K, 4 young (4096K), 4 survivors (4096K)
 Metaspace       used 110531K, committed 111296K, reserved 1179648K
  class space    used 15158K, committed 15552K, reserved 1048576K
}
Event: 12.231 GC heap before
{Heap before GC invocations=58 (full 0):
 garbage-first heap   total 373760K, used 219847K [0x0000000080000000, 0x0000000100000000)
  region size 1024K, 18 young (18432K), 4 survivors (4096K)
 Metaspace       used 110949K, committed 111744K, reserved 1179648K
  class space    used 15213K, committed 15616K, reserved 1048576K
}

